<?xml version="1.0" encoding="UTF-8"?>
<testsuite xmlns:xsi="http://www.w3.org/2001/XMLSchema-instance" xsi:noNamespaceSchemaLocation="https://maven.apache.org/surefire/maven-surefire-plugin/xsd/surefire-test-report-3.0.xsd" version="3.0" name="TestSuite" time="98.918" tests="27" errors="0" skipped="0" failures="4">
  <properties>
[...]
</properties>
  <testcase name="TC_ACC_08" classname="testcases.AccountTest" time="2.511">
    <system-out><![CDATA[15:05:51 [main] INFO  utils.RequestResponseLogger - REQUEST:
URI: https://demo.testfire.net/api/login
Method: POST
Headers: Accept=*/*
Content-Type=application/json
Body: {"username":"jsmith","password":"demo1234"}
15:05:54 [main] INFO  utils.RequestResponseLogger - RESPONSE:
Status Code: 200
Body: {
    "Authorization": "YW5OdGFYUm86WkdWdGJ6RXlNelE9Oj8/Pz8/",
    "success": "jsmith is now logged in"
}
15:06:00 [main] INFO  utils.RequestResponseLogger - REQUEST:
URI: https://demo.testfire.net/api/account/800003/transactions
Method: POST
Headers: Authorization=YW5OdGFYUm86WkdWdGJ6RXlNelE9Oj8/Pz8/
Accept=*/*
Content-Type=application/json
Body: {"startDate":"2027-01-12","endDate":"2027-01-14"}
15:06:01 [main] INFO  utils.RequestResponseLogger - RESPONSE:
Status Code: 200
Body: {
    "transactions": [
        
    ]
}
]]></system-out>
    <system-err><![CDATA[SLF4J: Failed to load class "org.slf4j.impl.StaticLoggerBinder".
SLF4J: Defaulting to no-operation (NOP) logger implementation
SLF4J: See http://www.slf4j.org/codes.html#StaticLoggerBinder for further details.
]]></system-err>
  </testcase>
  <testcase name="TC_ACC_09" classname="testcases.AccountTest" time="1.772">
    <system-out><![CDATA[15:06:02 [main] INFO  utils.RequestResponseLogger - REQUEST:
URI: https://demo.testfire.net/api/account/800003/transactions
Method: POST
Headers: Authorization=YW5OdGFYUm86WkdWdGJ6RXlNelE9Oj8/Pz8/
Accept=*/*
Content-Type=application/json
Body: {"startDate":"2025-10-17","endDate":"2025-01-12"}
15:06:04 [main] INFO  utils.RequestResponseLogger - RESPONSE:
Status Code: 200
Body: {
    "transactions": [
        
    ]
}
]]></system-out>
  </testcase>
  <testcase name="testUserJourney[jsmith, demo1234, 800002, 2025-06-01, 2025-12-31, 800002, 800003, 1, Adil, radhika@gmail.com, Regd.Home loan, What is the interest rate?](1)" classname="testcases.UserJourney1" time="8.491">
    <system-out><![CDATA[15:06:04 [main] INFO  utils.RequestResponseLogger - REQUEST:
URI: https://demo.testfire.net/api/login
Method: POST
Headers: Accept=*/*
Content-Type=application/json
Body: {"username":"jsmith","password":"demo1234"}
15:06:05 [main] INFO  utils.RequestResponseLogger - RESPONSE:
Status Code: 200
Body: {
    "Authorization": "YW5OdGFYUm86WkdWdGJ6RXlNelE9OgY/Tj8SMj8=",
    "success": "jsmith is now logged in"
}
15:06:12 [main] INFO  utils.RequestResponseLogger - REQUEST:
URI: https://demo.testfire.net/api/login
Method: POST
Headers: Accept=*/*
Content-Type=application/json
Body: {"username":"jsmith","password":"demo1234"}
15:06:14 [main] INFO  utils.RequestResponseLogger - RESPONSE:
Status Code: 200
Body: {
    "Authorization": "YW5OdGFYUm86WkdWdGJ6RXlNelE9OhZJbH4/Bz8=",
    "success": "jsmith is now logged in"
}
15:06:14 [main] INFO  utils.RequestResponseLogger - REQUEST:
URI: https://demo.testfire.net/api/account/800002/transactions
Method: POST
Headers: Authorization=YW5OdGFYUm86WkdWdGJ6RXlNelE9OhZJbH4/Bz8=
Accept=*/*
Content-Type=application/json
Body: {"startDate":"2025-06-01","endDate":"2025-12-31"}
15:06:15 [main] INFO  utils.RequestResponseLogger - RESPONSE:
Status Code: 200
Body: {
    "transactions": [
        
    ]
}
15:06:15 [main] INFO  utils.RequestResponseLogger - REQUEST:
URI: https://demo.testfire.net/api/transfer
Method: POST
Headers: Authorization=YW5OdGFYUm86WkdWdGJ6RXlNelE9OhZJbH4/Bz8=
Accept=*/*
Content-Type=application/json
Body: {"toAccount":"800003","fromAccount":"800002","transferAmount":"1"}
15:06:17 [main] INFO  utils.RequestResponseLogger - RESPONSE:
Status Code: 200
Body: {
    "success": "1.0 was successfully transferred from Account 800002 into Account 800003 at 5/18/26 4:36 AM."
}
15:06:17 [main] INFO  utils.RequestResponseLogger - REQUEST:
URI: https://demo.testfire.net/api/feedback/submit
Method: POST
Headers: Authorization=YW5OdGFYUm86WkdWdGJ6RXlNelE9OhZJbH4/Bz8=
Accept=*/*
Content-Type=application/json
Body: {"name":"Adil","email":"radhika@gmail.com","subject":"Regd.Home loan","message":"What is the interest rate?"}
15:06:18 [main] INFO  utils.RequestResponseLogger - RESPONSE:
Status Code: 200
Body: {
    "comments": "What is the interest rate?",
    "subject": "Regd.Home loan",
    "name": "Adil",
    "email": "radhika@gmail.com"
}
15:06:19 [main] INFO  utils.RequestResponseLogger - REQUEST:
URI: https://demo.testfire.net/api/logout
Method: GET
Headers: Authorization=YW5OdGFYUm86WkdWdGJ6RXlNelE9OhZJbH4/Bz8=
Accept=*/*
Content-Type=application/json
Body: null
15:06:20 [main] INFO  utils.RequestResponseLogger - RESPONSE:
Status Code: 200
Body: {
    "LoggedOut": "True"
}
{
    "LoggedOut": "True"
}
]]></system-out>
  </testcase>
  <testcase name="testUserJourney[jsmith, demo1234, 800002, 2024-06-01, 2025-12-31, 800002, 800003, 2, Anusha, fs@yahoo.com, Regd.Personal loan, When can I clear my personal loan?](2)" classname="testcases.UserJourney1" time="8.314">
    <system-out><![CDATA[15:06:20 [main] INFO  utils.RequestResponseLogger - REQUEST:
URI: https://demo.testfire.net/api/login
Method: POST
Headers: Accept=*/*
Content-Type=application/json
Body: {"username":"jsmith","password":"demo1234"}
15:06:22 [main] INFO  utils.RequestResponseLogger - RESPONSE:
Status Code: 200
Body: {
    "Authorization": "YW5OdGFYUm86WkdWdGJ6RXlNelE9Oj8Laj8/Qw==",
    "success": "jsmith is now logged in"
}
15:06:22 [main] INFO  utils.RequestResponseLogger - REQUEST:
URI: https://demo.testfire.net/api/account/800002/transactions
Method: POST
Headers: Authorization=YW5OdGFYUm86WkdWdGJ6RXlNelE9Oj8Laj8/Qw==
Accept=*/*
Content-Type=application/json
Body: {"startDate":"2024-06-01","endDate":"2025-12-31"}
15:06:24 [main] INFO  utils.RequestResponseLogger - RESPONSE:
Status Code: 200
Body: {
    "transactions": [
        {
            "date": "2024-12-11 02:31",
            "amount": "$8888.00",
            "id": "3278",
            "type": "Deposit",
            "account": "800002"
        },
        {
            "date": "2024-12-11 02:31",
            "amount": "$8888.00",
            "id": "3276",
            "type": "Deposit",
            "account": "800002"
        },
        {
            "date": "2024-12-11 02:31",
            "amount": "$8888.00",
            "id": "3274",
            "type": "Deposit",
            "account": "800002"
        },
        {
            "date": "2024-12-11 02:31",
            "amount": "$8888.00",
            "id": "3272",
            "type": "Deposit",
            "account": "800002"
        },
        {
            "date": "2024-12-11 02:31",
            "amount": "$8888.00",
            "id": "3270",
            "type": "Deposit",
            "account": "800002"
        },
        {
            "date": "2024-12-11 02:31",
            "amount": "$8888.00",
            "id": "3268",
            "type": "Deposit",
            "account": "800002"
        },
        {
            "date": "2024-12-11 02:31",
            "amount": "$8888.00",
            "id": "3266",
            "type": "Deposit",
            "account": "800002"
        },
        {
            "date": "2024-12-11 02:31",
            "amount": "$8888.00",
            "id": "3264",
            "type": "Deposit",
            "account": "800002"
        },
        {
            "date": "2024-12-11 02:31",
            "amount": "$8888.00",
            "id": "3262",
            "type": "Deposit",
            "account": "800002"
        },
        {
            "date": "2024-12-11 02:31",
            "amount": "$8888.00",
            "id": "3260",
            "type": "Deposit",
            "account": "800002"
        },
        {
            "date": "2024-12-11 02:31",
            "amount": "$8888.00",
            "id": "3258",
            "type": "Deposit",
            "account": "800002"
        },
        {
            "date": "2024-12-11 02:31",
            "amount": "$8888.00",
            "id": "3256",
            "type": "Deposit",
            "account": "800002"
        },
        {
            "date": "2024-12-11 02:31",
            "amount": "$8888.00",
            "id": "3254",
            "type": "Deposit",
            "account": "800002"
        },
        {
            "date": "2024-12-11 02:31",
            "amount": "$8888.00",
            "id": "3252",
            "type": "Deposit",
            "account": "800002"
        },
        {
            "date": "2024-12-11 02:31",
            "amount": "$8888.00",
            "id": "3250",
            "type": "Deposit",
            "account": "800002"
        },
        {
            "date": "2024-12-11 02:31",
            "amount": "$8888.00",
            "id": "3248",
            "type": "Deposit",
            "account": "800002"
        },
        {
            "date": "2024-12-11 02:31",
            "amount": "$8888.00",
            "id": "3246",
            "type": "Deposit",
            "account": "800002"
        },
        {
            "date": "2024-12-11 02:31",
            "amount": "$8888.00",
            "id": "3244",
            "type": "Deposit",
            "account": "800002"
        },
        {
            "date": "2024-12-11 02:31",
            "amount": "$8888.00",
            "id": "3242",
            "type": "Deposit",
            "account": "800002"
        },
        {
            "date": "2024-12-11 02:31",
            "amount": "$8888.00",
            "id": "3240",
            "type": "Deposit",
            "account": "800002"
        },
        {
            "date": "2024-12-11 02:31",
            "amount": "$8888.00",
            "id": "3238",
            "type": "Deposit",
            "account": "800002"
        },
        {
            "date": "2024-12-11 02:31",
            "amount": "$8888.00",
            "id": "3236",
            "type": "Deposit",
            "account": "800002"
        },
        {
            "date": "2024-12-11 02:31",
            "amount": "$8888.00",
            "id": "3234",
            "type": "Deposit",
            "account": "800002"
        },
        {
            "date": "2024-12-11 02:31",
            "amount": "$8888.00",
            "id": "3232",
            "type": "Deposit",
            "account": "800002"
        },
        {
            "date": "2024-12-11 02:31",
            "amount": "$8888.00",
            "id": "3230",
            "type": "Deposit",
            "account": "800002"
        },
        {
            "date": "2024-12-11 02:31",
            "amount": "$8888.00",
            "id": "3228",
            "type": "Deposit",
            "account": "800002"
        },
        {
            "date": "2024-12-11 02:31",
            "amount": "$8888.00",
            "id": "3226",
            "type": "Deposit",
            "account": "800002"
        },
        {
            "date": "2024-12-11 02:31",
            "amount": "$8888.00",
            "id": "3224",
            "type": "Deposit",
            "account": "800002"
        },
        {
            "date": "2024-12-11 02:31",
            "amount": "$8888.00",
            "id": "3222",
            "type": "Deposit",
            "account": "800002"
        },
        {
            "date": "2024-12-11 02:31",
            "amount": "$8888.00",
            "id": "3220",
            "type": "Deposit",
            "account": "800002"
        },
        {
            "date": "2024-12-11 02:31",
            "amount": "$8888.00",
            "id": "3218",
            "type": "Deposit",
            "account": "800002"
        },
        {
            "date": "2024-12-11 02:31",
            "amount": "$8888.00",
            "id": "3216",
            "type": "Deposit",
            "account": "800002"
        },
        {
            "date": "2024-12-11 02:31",
            "amount": "$8888.00",
            "id": "3214",
            "type": "Deposit",
            "account": "800002"
        },
        {
            "date": "2024-12-11 02:31",
            "amount": "$8888.00",
            "id": "3212",
            "type": "Deposit",
            "account": "800002"
        },
        {
            "date": "2024-12-11 02:31",
            "amount": "$8888.00",
            "id": "3210",
            "type": "Deposit",
            "account": "800002"
        },
        {
            "date": "2024-12-11 02:31",
            "amount": "$8888.00",
            "id": "3208",
            "type": "Deposit",
            "account": "800002"
        },
        {
            "date": "2024-12-11 02:31",
            "amount": "$8888.00",
            "id": "3206",
            "type": "Deposit",
            "account": "800002"
        },
        {
            "date": "2024-12-11 02:31",
            "amount": "$8888.00",
            "id": "3204",
            "type": "Deposit",
            "account": "800002"
        },
        {
            "date": "2024-12-11 02:31",
            "amount": "$8888.00",
            "id": "3202",
            "type": "Deposit",
            "account": "800002"
        },
        {
            "date": "2024-12-11 02:31",
            "amount": "$8888.00",
            "id": "3200",
            "type": "Deposit",
            "account": "800002"
        },
        {
            "date": "2024-12-11 02:31",
            "amount": "$8888.00",
            "id": "3198",
            "type": "Deposit",
            "account": "800002"
        },
        {
            "date": "2024-12-11 02:31",
            "amount": "$8888.00",
            "id": "3196",
            "type": "Deposit",
            "account": "800002"
        },
        {
            "date": "2024-12-11 02:31",
            "amount": "$8888.00",
            "id": "3194",
            "type": "Deposit",
            "account": "800002"
        },
        {
            "date": "2024-12-11 02:31",
            "amount": "$8888.00",
            "id": "3192",
            "type": "Deposit",
            "account": "800002"
        },
        {
            "date": "2024-12-11 02:31",
            "amount": "$8888.00",
            "id": "3190",
            "type": "Deposit",
            "account": "800002"
        },
        {
            "date": "2024-12-11 02:31",
            "amount": "$8888.00",
            "id": "3188",
            "type": "Deposit",
            "account": "800002"
        },
        {
            "date": "2024-12-11 02:31",
            "amount": "$8888.00",
            "id": "3186",
            "type": "Deposit",
            "account": "800002"
        },
        {
            "date": "2024-12-11 02:31",
            "amount": "$8888.00",
            "id": "3184",
            "type": "Deposit",
            "account": "800002"
        },
        {
            "date": "2024-12-11 02:31",
            "amount": "$8888.00",
            "id": "3182",
            "type": "Deposit",
            "account": "800002"
        },
        {
            "date": "2024-12-11 02:31",
            "amount": "$8888.00",
            "id": "3180",
            "type": "Deposit",
            "account": "800002"
        },
        {
            "date": "2024-12-11 02:31",
            "amount": "$8888.00",
            "id": "3178",
            "type": "Deposit",
            "account": "800002"
        },
        {
            "date": "2024-12-11 02:31",
            "amount": "$8888.00",
            "id": "3176",
            "type": "Deposit",
            "account": "800002"
        },
        {
            "date": "2024-12-11 02:31",
            "amount": "$8888.00",
            "id": "3174",
            "type": "Deposit",
            "account": "800002"
        },
        {
            "date": "2024-12-11 02:31",
            "amount": "$8888.00",
            "id": "3172",
            "type": "Deposit",
            "account": "800002"
        },
        {
            "date": "2024-12-11 02:31",
            "amount": "$8888.00",
            "id": "3170",
            "type": "Deposit",
            "account": "800002"
        },
        {
            "date": "2024-12-11 02:31",
            "amount": "$8888.00",
            "id": "3168",
            "type": "Deposit",
            "account": "800002"
        },
        {
            "date": "2024-12-11 02:31",
            "amount": "$8888.00",
            "id": "3166",
            "type": "Deposit",
            "account": "800002"
        },
        {
            "date": "2024-12-11 02:31",
            "amount": "$8888.00",
            "id": "3164",
            "type": "Deposit",
            "account": "800002"
        },
        {
            "date": "2024-12-11 02:31",
            "amount": "$8888.00",
            "id": "3162",
            "type": "Deposit",
            "account": "800002"
        },
        {
            "date": "2024-12-11 02:31",
            "amount": "$8888.00",
            "id": "3160",
            "type": "Deposit",
            "account": "800002"
        },
        {
            "date": "2024-12-11 02:31",
            "amount": "$8888.00",
            "id": "3158",
            "type": "Deposit",
            "account": "800002"
        },
        {
            "date": "2024-12-11 02:31",
            "amount": "$8888.00",
            "id": "3156",
            "type": "Deposit",
            "account": "800002"
        },
        {
            "date": "2024-12-11 02:31",
            "amount": "$8888.00",
            "id": "3154",
            "type": "Deposit",
            "account": "800002"
        },
        {
            "date": "2024-12-11 02:31",
            "amount": "$8888.00",
            "id": "3152",
            "type": "Deposit",
            "account": "800002"
        },
        {
            "date": "2024-12-11 02:31",
            "amount": "$8888.00",
            "id": "3150",
            "type": "Deposit",
            "account": "800002"
        },
        {
            "date": "2024-12-11 02:31",
            "amount": "$8888.00",
            "id": "3148",
            "type": "Deposit",
            "account": "800002"
        },
        {
            "date": "2024-12-11 02:31",
            "amount": "$8888.00",
            "id": "3146",
            "type": "Deposit",
            "account": "800002"
        },
        {
            "date": "2024-12-11 02:31",
            "amount": "$8888.00",
            "id": "3144",
            "type": "Deposit",
            "account": "800002"
        },
        {
            "date": "2024-12-11 02:31",
            "amount": "$8888.00",
            "id": "3142",
            "type": "Deposit",
            "account": "800002"
        },
        {
            "date": "2024-12-11 02:31",
            "amount": "$8888.00",
            "id": "3140",
            "type": "Deposit",
            "account": "800002"
        },
        {
            "date": "2024-12-11 02:31",
            "amount": "$8888.00",
            "id": "3138",
            "type": "Deposit",
            "account": "800002"
        },
        {
            "date": "2024-12-11 02:31",
            "amount": "$8888.00",
            "id": "3136",
            "type": "Deposit",
            "account": "800002"
        },
        {
            "date": "2024-12-11 02:31",
            "amount": "$8888.00",
            "id": "3134",
            "type": "Deposit",
            "account": "800002"
        },
        {
            "date": "2024-12-11 02:31",
            "amount": "$8888.00",
            "id": "3132",
            "type": "Deposit",
            "account": "800002"
        },
        {
            "date": "2024-12-11 02:31",
            "amount": "$8888.00",
            "id": "3130",
            "type": "Deposit",
            "account": "800002"
        },
        {
            "date": "2024-12-11 02:31",
            "amount": "$8888.00",
            "id": "3128",
            "type": "Deposit",
            "account": "800002"
        },
        {
            "date": "2024-12-11 02:31",
            "amount": "$8888.00",
            "id": "3126",
            "type": "Deposit",
            "account": "800002"
        },
        {
            "date": "2024-12-11 02:31",
            "amount": "$8888.00",
            "id": "3124",
            "type": "Deposit",
            "account": "800002"
        },
        {
            "date": "2024-12-11 02:31",
            "amount": "$8888.00",
            "id": "3122",
            "type": "Deposit",
            "account": "800002"
        },
        {
            "date": "2024-12-11 02:31",
            "amount": "$8888.00",
            "id": "3120",
            "type": "Deposit",
            "account": "800002"
        },
        {
            "date": "2024-12-11 02:31",
            "amount": "$8888.00",
            "id": "3118",
            "type": "Deposit",
            "account": "800002"
        },
        {
            "date": "2024-12-11 02:31",
            "amount": "$8888.00",
            "id": "3116",
            "type": "Deposit",
            "account": "800002"
        },
        {
            "date": "2024-12-11 02:31",
            "amount": "$8888.00",
            "id": "3114",
            "type": "Deposit",
            "account": "800002"
        },
        {
            "date": "2024-12-11 02:31",
            "amount": "$8888.00",
            "id": "3112",
            "type": "Deposit",
            "account": "800002"
        },
        {
            "date": "2024-12-11 02:31",
            "amount": "$8888.00",
            "id": "3110",
            "type": "Deposit",
            "account": "800002"
        },
        {
            "date": "2024-12-11 02:31",
            "amount": "$8888.00",
            "id": "3108",
            "type": "Deposit",
            "account": "800002"
        },
        {
            "date": "2024-12-11 02:31",
            "amount": "$8888.00",
            "id": "3106",
            "type": "Deposit",
            "account": "800002"
        },
        {
            "date": "2024-12-11 02:31",
            "amount": "$8888.00",
            "id": "3104",
            "type": "Deposit",
            "account": "800002"
        },
        {
            "date": "2024-12-11 02:31",
            "amount": "$8888.00",
            "id": "3102",
            "type": "Deposit",
            "account": "800002"
        },
        {
            "date": "2024-12-11 02:31",
            "amount": "$8888.00",
            "id": "3100",
            "type": "Deposit",
            "account": "800002"
        },
        {
            "date": "2024-12-11 02:31",
            "amount": "$8888.00",
            "id": "3098",
            "type": "Deposit",
            "account": "800002"
        },
        {
            "date": "2024-12-11 02:31",
            "amount": "$8888.00",
            "id": "3096",
            "type": "Deposit",
            "account": "800002"
        },
        {
            "date": "2024-12-11 02:31",
            "amount": "$8888.00",
            "id": "3094",
            "type": "Deposit",
            "account": "800002"
        },
        {
            "date": "2024-12-11 02:31",
            "amount": "$8888.00",
            "id": "3092",
            "type": "Deposit",
            "account": "800002"
        },
        {
            "date": "2024-12-11 02:31",
            "amount": "$8888.00",
            "id": "3090",
            "type": "Deposit",
            "account": "800002"
        },
        {
            "date": "2024-12-11 02:31",
            "amount": "$8888.00",
            "id": "3088",
            "type": "Deposit",
            "account": "800002"
        },
        {
            "date": "2024-12-11 02:31",
            "amount": "$8888.00",
            "id": "3086",
            "type": "Deposit",
            "account": "800002"
        },
        {
            "date": "2024-12-11 02:31",
            "amount": "$8888.00",
            "id": "3084",
            "type": "Deposit",
            "account": "800002"
        },
        {
            "date": "2024-12-11 02:31",
            "amount": "$8888.00",
            "id": "3082",
            "type": "Deposit",
            "account": "800002"
        },
        {
            "date": "2024-12-11 02:31",
            "amount": "$8888.00",
            "id": "3080",
            "type": "Deposit",
            "account": "800002"
        }
    ]
}
15:06:24 [main] INFO  utils.RequestResponseLogger - REQUEST:
URI: https://demo.testfire.net/api/transfer
Method: POST
Headers: Authorization=YW5OdGFYUm86WkdWdGJ6RXlNelE9Oj8Laj8/Qw==
Accept=*/*
Content-Type=application/json
Body: {"toAccount":"800003","fromAccount":"800002","transferAmount":"2"}
15:06:25 [main] INFO  utils.RequestResponseLogger - RESPONSE:
Status Code: 200
Body: {
    "success": "2.0 was successfully transferred from Account 800002 into Account 800003 at 5/18/26 4:36 AM."
}
15:06:25 [main] INFO  utils.RequestResponseLogger - REQUEST:
URI: https://demo.testfire.net/api/feedback/submit
Method: POST
Headers: Authorization=YW5OdGFYUm86WkdWdGJ6RXlNelE9Oj8Laj8/Qw==
Accept=*/*
Content-Type=application/json
Body: {"name":"Anusha","email":"fs@yahoo.com","subject":"Regd.Personal loan","message":"When can I clear my personal loan?"}
15:06:27 [main] INFO  utils.RequestResponseLogger - RESPONSE:
Status Code: 200
Body: {
    "comments": "When can I clear my personal loan?",
    "subject": "Regd.Personal loan",
    "name": "Anusha",
    "email": "fs@yahoo.com"
}
15:06:27 [main] INFO  utils.RequestResponseLogger - REQUEST:
URI: https://demo.testfire.net/api/logout
Method: GET
Headers: Authorization=YW5OdGFYUm86WkdWdGJ6RXlNelE9Oj8Laj8/Qw==
Accept=*/*
Content-Type=application/json
Body: null
15:06:29 [main] INFO  utils.RequestResponseLogger - RESPONSE:
Status Code: 200
Body: {
    "LoggedOut": "True"
}
{
    "LoggedOut": "True"
}
]]></system-out>
  </testcase>
  <testcase name="testGetAccountDeatilsSchema" classname="testcases.SchemaTest" time="4.645">
    <system-out><![CDATA[15:06:29 [main] INFO  utils.RequestResponseLogger - REQUEST:
URI: https://demo.testfire.net/api/login
Method: POST
Headers: Accept=*/*
Content-Type=application/json
Body: {"username":"jsmith","password":"demo1234"}
15:06:30 [main] INFO  utils.RequestResponseLogger - RESPONSE:
Status Code: 200
Body: {
    "Authorization": "YW5OdGFYUm86WkdWdGJ6RXlNelE9OkhaTT8lPwg=",
    "success": "jsmith is now logged in"
}
15:06:30 [main] INFO  utils.RequestResponseLogger - REQUEST:
URI: https://demo.testfire.net/api/account
Method: GET
Headers: Authorization=YW5OdGFYUm86WkdWdGJ6RXlNelE9OkhaTT8lPwg=
Accept=*/*
Content-Type=application/json
Body: null
15:06:32 [main] INFO  utils.RequestResponseLogger - RESPONSE:
Status Code: 200
Body: {
    "Accounts": [
        {
            "Name": "Savings",
            "id": "800002"
        },
        {
            "Name": "Checking",
            "id": "800003"
        },
        {
            "Name": "Credit Card",
            "id": "4539082039396288"
        }
    ]
}
]]></system-out>
  </testcase>
  <testcase name="testGetTransactionsSchema" classname="testcases.SchemaTest" time="1.939">
    <system-out><![CDATA[15:06:35 [main] INFO  utils.RequestResponseLogger - REQUEST:
URI: https://demo.testfire.net/api/account/800003/transactions
Method: POST
Headers: Authorization=YW5OdGFYUm86WkdWdGJ6RXlNelE9OkhaTT8lPwg=
Accept=*/*
Content-Type=application/json
Body: {"startDate":"2025-01-12","endDate":"2025-10-17"}
15:06:36 [main] INFO  utils.RequestResponseLogger - RESPONSE:
Status Code: 200
Body: {
    "transactions": [
        {
            "date": "2025-06-29 08:52",
            "amount": "$1234.00",
            "id": "4132",
            "type": "Deposit",
            "account": "800003"
        },
        {
            "date": "2025-06-29 08:52",
            "amount": "-$1234.00",
            "id": "4131",
            "type": "Withdrawal",
            "account": "800003"
        },
        {
            "date": "2025-06-29 08:52",
            "amount": "$1234.00",
            "id": "4130",
            "type": "Deposit",
            "account": "800003"
        },
        {
            "date": "2025-06-29 08:52",
            "amount": "-$1234.00",
            "id": "4129",
            "type": "Withdrawal",
            "account": "800003"
        },
        {
            "date": "2025-06-29 08:52",
            "amount": "$1234.00",
            "id": "4128",
            "type": "Deposit",
            "account": "800003"
        },
        {
            "date": "2025-06-29 08:52",
            "amount": "-$1234.00",
            "id": "4127",
            "type": "Withdrawal",
            "account": "800003"
        },
        {
            "date": "2025-06-29 08:52",
            "amount": "$1234.00",
            "id": "4126",
            "type": "Deposit",
            "account": "800003"
        },
        {
            "date": "2025-06-29 08:52",
            "amount": "-$1234.00",
            "id": "4125",
            "type": "Withdrawal",
            "account": "800003"
        },
        {
            "date": "2025-06-29 08:52",
            "amount": "$1234.00",
            "id": "4124",
            "type": "Deposit",
            "account": "800003"
        },
        {
            "date": "2025-06-29 08:52",
            "amount": "-$1234.00",
            "id": "4123",
            "type": "Withdrawal",
            "account": "800003"
        },
        {
            "date": "2025-06-29 08:52",
            "amount": "$1234.00",
            "id": "4122",
            "type": "Deposit",
            "account": "800003"
        },
        {
            "date": "2025-06-29 08:52",
            "amount": "-$1234.00",
            "id": "4121",
            "type": "Withdrawal",
            "account": "800003"
        },
        {
            "date": "2025-06-29 08:52",
            "amount": "$1234.00",
            "id": "4120",
            "type": "Deposit",
            "account": "800003"
        },
        {
            "date": "2025-06-29 08:52",
            "amount": "-$1234.00",
            "id": "4119",
            "type": "Withdrawal",
            "account": "800003"
        },
        {
            "date": "2025-06-29 08:52",
            "amount": "$1234.00",
            "id": "4118",
            "type": "Deposit",
            "account": "800003"
        },
        {
            "date": "2025-06-29 08:52",
            "amount": "-$1234.00",
            "id": "4117",
            "type": "Withdrawal",
            "account": "800003"
        },
        {
            "date": "2025-06-29 08:52",
            "amount": "$1234.00",
            "id": "4116",
            "type": "Deposit",
            "account": "800003"
        },
        {
            "date": "2025-06-29 08:52",
            "amount": "-$1234.00",
            "id": "4115",
            "type": "Withdrawal",
            "account": "800003"
        },
        {
            "date": "2025-06-29 08:52",
            "amount": "$1234.00",
            "id": "4114",
            "type": "Deposit",
            "account": "800003"
        },
        {
            "date": "2025-06-29 08:52",
            "amount": "-$1234.00",
            "id": "4113",
            "type": "Withdrawal",
            "account": "800003"
        },
        {
            "date": "2025-06-29 08:52",
            "amount": "$1234.00",
            "id": "4112",
            "type": "Deposit",
            "account": "800003"
        },
        {
            "date": "2025-06-29 08:52",
            "amount": "-$1234.00",
            "id": "4111",
            "type": "Withdrawal",
            "account": "800003"
        },
        {
            "date": "2025-06-29 08:52",
            "amount": "$1234.00",
            "id": "4110",
            "type": "Deposit",
            "account": "800003"
        },
        {
            "date": "2025-06-29 08:52",
            "amount": "-$1234.00",
            "id": "4109",
            "type": "Withdrawal",
            "account": "800003"
        },
        {
            "date": "2025-06-29 08:52",
            "amount": "$1234.00",
            "id": "4108",
            "type": "Deposit",
            "account": "800003"
        },
        {
            "date": "2025-06-29 08:52",
            "amount": "-$1234.00",
            "id": "4107",
            "type": "Withdrawal",
            "account": "800003"
        },
        {
            "date": "2025-06-29 08:52",
            "amount": "$1234.00",
            "id": "4106",
            "type": "Deposit",
            "account": "800003"
        },
        {
            "date": "2025-06-29 08:52",
            "amount": "-$1234.00",
            "id": "4105",
            "type": "Withdrawal",
            "account": "800003"
        },
        {
            "date": "2025-06-29 08:52",
            "amount": "$1234.00",
            "id": "4104",
            "type": "Deposit",
            "account": "800003"
        },
        {
            "date": "2025-06-29 08:52",
            "amount": "-$1234.00",
            "id": "4103",
            "type": "Withdrawal",
            "account": "800003"
        },
        {
            "date": "2025-06-29 08:52",
            "amount": "$1234.00",
            "id": "4102",
            "type": "Deposit",
            "account": "800003"
        },
        {
            "date": "2025-06-29 08:52",
            "amount": "-$1234.00",
            "id": "4101",
            "type": "Withdrawal",
            "account": "800003"
        },
        {
            "date": "2025-06-29 08:52",
            "amount": "$1234.00",
            "id": "4100",
            "type": "Deposit",
            "account": "800003"
        },
        {
            "date": "2025-06-29 08:52",
            "amount": "-$1234.00",
            "id": "4099",
            "type": "Withdrawal",
            "account": "800003"
        },
        {
            "date": "2025-06-29 08:52",
            "amount": "$1234.00",
            "id": "4098",
            "type": "Deposit",
            "account": "800003"
        },
        {
            "date": "2025-06-29 08:52",
            "amount": "-$1234.00",
            "id": "4097",
            "type": "Withdrawal",
            "account": "800003"
        },
        {
            "date": "2025-06-29 08:52",
            "amount": "$1234.00",
            "id": "4096",
            "type": "Deposit",
            "account": "800003"
        },
        {
            "date": "2025-06-29 08:52",
            "amount": "-$1234.00",
            "id": "4095",
            "type": "Withdrawal",
            "account": "800003"
        },
        {
            "date": "2025-06-29 08:52",
            "amount": "$1234.00",
            "id": "4094",
            "type": "Deposit",
            "account": "800003"
        },
        {
            "date": "2025-06-29 08:52",
            "amount": "-$1234.00",
            "id": "4093",
            "type": "Withdrawal",
            "account": "800003"
        },
        {
            "date": "2025-06-29 08:52",
            "amount": "$1234.00",
            "id": "4092",
            "type": "Deposit",
            "account": "800003"
        },
        {
            "date": "2025-06-29 08:52",
            "amount": "-$1234.00",
            "id": "4091",
            "type": "Withdrawal",
            "account": "800003"
        },
        {
            "date": "2025-06-29 08:52",
            "amount": "$18446744073709552000.00",
            "id": "4090",
            "type": "Deposit",
            "account": "800003"
        },
        {
            "date": "2025-06-29 08:52",
            "amount": "-$18446744073709552000.00",
            "id": "4089",
            "type": "Withdrawal",
            "account": "800003"
        },
        {
            "date": "2025-06-29 08:52",
            "amount": "$1234.00",
            "id": "4088",
            "type": "Deposit",
            "account": "800003"
        },
        {
            "date": "2025-06-29 08:52",
            "amount": "-$1234.00",
            "id": "4087",
            "type": "Withdrawal",
            "account": "800003"
        },
        {
            "date": "2025-06-29 08:52",
            "amount": "$4294967297.00",
            "id": "4086",
            "type": "Deposit",
            "account": "800003"
        },
        {
            "date": "2025-06-29 08:52",
            "amount": "-$4294967297.00",
            "id": "4085",
            "type": "Withdrawal",
            "account": "800003"
        },
        {
            "date": "2025-06-29 08:52",
            "amount": "$1234.00",
            "id": "4084",
            "type": "Deposit",
            "account": "800003"
        },
        {
            "date": "2025-06-29 08:52",
            "amount": "-$1234.00",
            "id": "4083",
            "type": "Withdrawal",
            "account": "800003"
        },
        {
            "date": "2025-06-29 08:52",
            "amount": "$100000000000000000000.00",
            "id": "4082",
            "type": "Deposit",
            "account": "800003"
        },
        {
            "date": "2025-06-29 08:52",
            "amount": "-$100000000000000000000.00",
            "id": "4081",
            "type": "Withdrawal",
            "account": "800003"
        },
        {
            "date": "2025-06-29 08:52",
            "amount": "$1234.00",
            "id": "4080",
            "type": "Deposit",
            "account": "800003"
        },
        {
            "date": "2025-06-29 08:52",
            "amount": "-$1234.00",
            "id": "4079",
            "type": "Withdrawal",
            "account": "800003"
        },
        {
            "date": "2025-06-29 08:52",
            "amount": "$1234.00",
            "id": "4078",
            "type": "Deposit",
            "account": "800003"
        },
        {
            "date": "2025-06-29 08:52",
            "amount": "-$1234.00",
            "id": "4077",
            "type": "Withdrawal",
            "account": "800003"
        },
        {
            "date": "2025-06-29 08:52",
            "amount": "$1234.00",
            "id": "4076",
            "type": "Deposit",
            "account": "800003"
        },
        {
            "date": "2025-06-29 08:52",
            "amount": "-$1234.00",
            "id": "4075",
            "type": "Withdrawal",
            "account": "800003"
        },
        {
            "date": "2025-06-29 08:52",
            "amount": "$1234.00",
            "id": "4074",
            "type": "Deposit",
            "account": "800003"
        },
        {
            "date": "2025-06-29 08:52",
            "amount": "-$1234.00",
            "id": "4073",
            "type": "Withdrawal",
            "account": "800003"
        },
        {
            "date": "2025-06-29 08:52",
            "amount": "$1234.00",
            "id": "4072",
            "type": "Deposit",
            "account": "800003"
        },
        {
            "date": "2025-06-29 08:52",
            "amount": "-$1234.00",
            "id": "4071",
            "type": "Withdrawal",
            "account": "800003"
        },
        {
            "date": "2025-06-29 08:52",
            "amount": "$1234.00",
            "id": "4070",
            "type": "Deposit",
            "account": "800003"
        },
        {
            "date": "2025-06-29 08:52",
            "amount": "-$1234.00",
            "id": "4069",
            "type": "Withdrawal",
            "account": "800003"
        },
        {
            "date": "2025-06-29 08:52",
            "amount": "$1234.00",
            "id": "4068",
            "type": "Deposit",
            "account": "800003"
        },
        {
            "date": "2025-06-29 08:52",
            "amount": "-$1234.00",
            "id": "4067",
            "type": "Withdrawal",
            "account": "800003"
        },
        {
            "date": "2025-06-29 08:52",
            "amount": "$1234.00",
            "id": "4066",
            "type": "Deposit",
            "account": "800003"
        },
        {
            "date": "2025-06-29 08:52",
            "amount": "-$1234.00",
            "id": "4065",
            "type": "Withdrawal",
            "account": "800003"
        },
        {
            "date": "2025-06-29 08:52",
            "amount": "$1234.00",
            "id": "4064",
            "type": "Deposit",
            "account": "800003"
        },
        {
            "date": "2025-06-29 08:52",
            "amount": "-$1234.00",
            "id": "4063",
            "type": "Withdrawal",
            "account": "800003"
        },
        {
            "date": "2025-06-29 08:52",
            "amount": "$1234.00",
            "id": "4062",
            "type": "Deposit",
            "account": "800003"
        },
        {
            "date": "2025-06-29 08:52",
            "amount": "-$1234.00",
            "id": "4061",
            "type": "Withdrawal",
            "account": "800003"
        },
        {
            "date": "2025-06-29 08:52",
            "amount": "$1234.00",
            "id": "4060",
            "type": "Deposit",
            "account": "800003"
        },
        {
            "date": "2025-06-29 08:52",
            "amount": "-$1234.00",
            "id": "4059",
            "type": "Withdrawal",
            "account": "800003"
        },
        {
            "date": "2025-06-29 08:52",
            "amount": "$1234.00",
            "id": "4058",
            "type": "Deposit",
            "account": "800003"
        },
        {
            "date": "2025-06-29 08:52",
            "amount": "-$1234.00",
            "id": "4057",
            "type": "Withdrawal",
            "account": "800003"
        },
        {
            "date": "2025-06-29 08:52",
            "amount": "$1234.00",
            "id": "4056",
            "type": "Deposit",
            "account": "800003"
        },
        {
            "date": "2025-06-29 08:52",
            "amount": "-$1234.00",
            "id": "4055",
            "type": "Withdrawal",
            "account": "800003"
        },
        {
            "date": "2025-06-29 08:52",
            "amount": "$1234.00",
            "id": "4054",
            "type": "Deposit",
            "account": "800003"
        },
        {
            "date": "2025-06-29 08:52",
            "amount": "-$1234.00",
            "id": "4053",
            "type": "Withdrawal",
            "account": "800003"
        },
        {
            "date": "2025-06-29 08:52",
            "amount": "$1234.00",
            "id": "4052",
            "type": "Deposit",
            "account": "800003"
        },
        {
            "date": "2025-06-29 08:52",
            "amount": "-$1234.00",
            "id": "4051",
            "type": "Withdrawal",
            "account": "800003"
        },
        {
            "date": "2025-06-29 08:52",
            "amount": "$1234.00",
            "id": "4050",
            "type": "Deposit",
            "account": "800003"
        },
        {
            "date": "2025-06-29 08:52",
            "amount": "-$1234.00",
            "id": "4049",
            "type": "Withdrawal",
            "account": "800003"
        },
        {
            "date": "2025-06-29 08:52",
            "amount": "$1234.00",
            "id": "4048",
            "type": "Deposit",
            "account": "800003"
        },
        {
            "date": "2025-06-29 08:52",
            "amount": "-$1234.00",
            "id": "4047",
            "type": "Withdrawal",
            "account": "800003"
        },
        {
            "date": "2025-06-29 08:52",
            "amount": "$1234.00",
            "id": "4046",
            "type": "Deposit",
            "account": "800003"
        },
        {
            "date": "2025-06-29 08:52",
            "amount": "-$1234.00",
            "id": "4045",
            "type": "Withdrawal",
            "account": "800003"
        },
        {
            "date": "2025-06-29 08:52",
            "amount": "$1234.00",
            "id": "4044",
            "type": "Deposit",
            "account": "800003"
        },
        {
            "date": "2025-06-29 08:52",
            "amount": "-$1234.00",
            "id": "4043",
            "type": "Withdrawal",
            "account": "800003"
        },
        {
            "date": "2025-06-29 08:51",
            "amount": "$1234.00",
            "id": "4042",
            "type": "Deposit",
            "account": "800003"
        },
        {
            "date": "2025-06-29 08:51",
            "amount": "-$1234.00",
            "id": "4041",
            "type": "Withdrawal",
            "account": "800003"
        },
        {
            "date": "2025-06-29 08:51",
            "amount": "$1234.00",
            "id": "4040",
            "type": "Deposit",
            "account": "800003"
        },
        {
            "date": "2025-06-29 08:51",
            "amount": "-$1234.00",
            "id": "4039",
            "type": "Withdrawal",
            "account": "800003"
        },
        {
            "date": "2025-06-29 08:51",
            "amount": "$1234.00",
            "id": "4038",
            "type": "Deposit",
            "account": "800003"
        },
        {
            "date": "2025-06-29 08:51",
            "amount": "-$1234.00",
            "id": "4037",
            "type": "Withdrawal",
            "account": "800003"
        },
        {
            "date": "2025-06-29 08:51",
            "amount": "$1234.00",
            "id": "4036",
            "type": "Deposit",
            "account": "800003"
        },
        {
            "date": "2025-06-29 08:51",
            "amount": "-$1234.00",
            "id": "4035",
            "type": "Withdrawal",
            "account": "800003"
        },
        {
            "date": "2025-06-29 08:51",
            "amount": "$1234.00",
            "id": "4034",
            "type": "Deposit",
            "account": "800003"
        },
        {
            "date": "2025-06-29 08:51",
            "amount": "-$1234.00",
            "id": "4033",
            "type": "Withdrawal",
            "account": "800003"
        }
    ]
}
]]></system-out>
  </testcase>
  <testcase name="TC_FDB_01_ValidFeedback" classname="testcases.FeedbackTest" time="1.71">
    <system-out><![CDATA[15:06:37 [main] INFO  utils.RequestResponseLogger - REQUEST:
URI: https://demo.testfire.net/api/login
Method: POST
Headers: Accept=*/*
Content-Type=application/json
Body: {"username":"jsmith","password":"demo1234"}
15:06:38 [main] INFO  utils.RequestResponseLogger - RESPONSE:
Status Code: 200
Body: {
    "Authorization": "YW5OdGFYUm86WkdWdGJ6RXlNelE9OkVqdz8/Pz8=",
    "success": "jsmith is now logged in"
}
15:06:38 [main] INFO  utils.RequestResponseLogger - REQUEST:
URI: https://demo.testfire.net/api/feedback/submit
Method: POST
Headers: Authorization=YW5OdGFYUm86WkdWdGJ6RXlNelE9OkVqdz8/Pz8=
Accept=*/*
Content-Type=application/json
Body: {"name":"John Smith","email":"john@test.com","subject":"Test Subject","message":"Test Message"}
15:06:40 [main] INFO  utils.RequestResponseLogger - RESPONSE:
Status Code: 200
Body: {
    "comments": "Test Message",
    "subject": "Test Subject",
    "name": "John Smith",
    "email": "john@test.com"
}
]]></system-out>
  </testcase>
  <testcase name="TC_FDB_02_invalidFeedback" classname="testcases.FeedbackTest" time="1.603">
    <failure message="1 expectation failed.&#10;Expected status code &lt;400&gt; but was &lt;200&gt;.&#10;" type="java.lang.AssertionError"><![CDATA[java.lang.AssertionError: 
1 expectation failed.
Expected status code <400> but was <200>.

	at java.base/jdk.internal.reflect.NativeConstructorAccessorImpl.newInstance0(Native Method)
	at java.base/jdk.internal.reflect.NativeConstructorAccessorImpl.newInstance(NativeConstructorAccessorImpl.java:77)
	at java.base/jdk.internal.reflect.DelegatingConstructorAccessorImpl.newInstance(DelegatingConstructorAccessorImpl.java:45)
	at java.base/java.lang.reflect.Constructor.newInstanceWithCaller(Constructor.java:499)
	at java.base/java.lang.reflect.Constructor.newInstance(Constructor.java:480)
	at org.codehaus.groovy.reflection.CachedConstructor.invoke(CachedConstructor.java:73)
	at org.codehaus.groovy.runtime.callsite.ConstructorSite$ConstructorSiteNoUnwrapNoCoerce.callConstructor(ConstructorSite.java:108)
	at org.codehaus.groovy.runtime.callsite.CallSiteArray.defaultCallConstructor(CallSiteArray.java:57)
	at org.codehaus.groovy.runtime.callsite.AbstractCallSite.callConstructor(AbstractCallSite.java:263)
	at org.codehaus.groovy.runtime.callsite.AbstractCallSite.callConstructor(AbstractCallSite.java:277)
	at io.restassured.internal.ResponseSpecificationImpl$HamcrestAssertionClosure.validate(ResponseSpecificationImpl.groovy:512)
	at io.restassured.internal.ResponseSpecificationImpl$HamcrestAssertionClosure$validate$1.call(Unknown Source)
	at io.restassured.internal.ResponseSpecificationImpl.validateResponseIfRequired(ResponseSpecificationImpl.groovy:696)
	at io.restassured.internal.ResponseSpecificationImpl.this$2$validateResponseIfRequired(ResponseSpecificationImpl.groovy)
	at jdk.internal.reflect.GeneratedMethodAccessor77.invoke(Unknown Source)
	at java.base/jdk.internal.reflect.DelegatingMethodAccessorImpl.invoke(DelegatingMethodAccessorImpl.java:43)
	at java.base/java.lang.reflect.Method.invoke(Method.java:568)
	at org.codehaus.groovy.runtime.callsite.PlainObjectMetaMethodSite.doInvoke(PlainObjectMetaMethodSite.java:43)
	at org.codehaus.groovy.runtime.callsite.PogoMetaMethodSite$PogoCachedMethodSiteNoUnwrapNoCoerce.invoke(PogoMetaMethodSite.java:198)
	at org.codehaus.groovy.runtime.callsite.PogoMetaMethodSite.callCurrent(PogoMetaMethodSite.java:62)
	at org.codehaus.groovy.runtime.callsite.AbstractCallSite.callCurrent(AbstractCallSite.java:185)
	at io.restassured.internal.ResponseSpecificationImpl.statusCode(ResponseSpecificationImpl.groovy:135)
	at io.restassured.specification.ResponseSpecification$statusCode$0.callCurrent(Unknown Source)
	at io.restassured.internal.ResponseSpecificationImpl.statusCode(ResponseSpecificationImpl.groovy:143)
	at io.restassured.internal.ValidatableResponseOptionsImpl.statusCode(ValidatableResponseOptionsImpl.java:89)
	at testcases.FeedbackTest.TC_FDB_02_invalidFeedback(FeedbackTest.java:41)
	at java.base/jdk.internal.reflect.NativeMethodAccessorImpl.invoke0(Native Method)
	at java.base/jdk.internal.reflect.NativeMethodAccessorImpl.invoke(NativeMethodAccessorImpl.java:77)
	at java.base/jdk.internal.reflect.DelegatingMethodAccessorImpl.invoke(DelegatingMethodAccessorImpl.java:43)
	at java.base/java.lang.reflect.Method.invoke(Method.java:568)
	at org.testng.internal.invokers.MethodInvocationHelper.invokeMethod(MethodInvocationHelper.java:141)
	at org.testng.internal.invokers.TestInvoker.invokeMethod(TestInvoker.java:686)
	at org.testng.internal.invokers.TestInvoker.invokeTestMethod(TestInvoker.java:230)
	at org.testng.internal.invokers.MethodRunner.runInSequence(MethodRunner.java:63)
	at org.testng.internal.invokers.TestInvoker$MethodInvocationAgent.invoke(TestInvoker.java:992)
	at org.testng.internal.invokers.TestInvoker.invokeTestMethods(TestInvoker.java:203)
	at org.testng.internal.invokers.TestMethodWorker.invokeTestMethods(TestMethodWorker.java:154)
	at org.testng.internal.invokers.TestMethodWorker.run(TestMethodWorker.java:134)
	at java.base/java.util.ArrayList.forEach(ArrayList.java:1511)
	at org.testng.TestRunner.privateRun(TestRunner.java:739)
	at org.testng.TestRunner.run(TestRunner.java:614)
	at org.testng.SuiteRunner.runTest(SuiteRunner.java:421)
	at org.testng.SuiteRunner.runSequentially(SuiteRunner.java:413)
	at org.testng.SuiteRunner.privateRun(SuiteRunner.java:373)
	at org.testng.SuiteRunner.run(SuiteRunner.java:312)
	at org.testng.SuiteRunnerWorker.runSuite(SuiteRunnerWorker.java:52)
	at org.testng.SuiteRunnerWorker.run(SuiteRunnerWorker.java:95)
	at org.testng.TestNG.runSuitesSequentially(TestNG.java:1274)
	at org.testng.TestNG.runSuitesLocally(TestNG.java:1208)
	at org.testng.TestNG.runSuites(TestNG.java:1112)
	at org.testng.TestNG.run(TestNG.java:1079)
	at org.apache.maven.surefire.testng.TestNGExecutor.run(TestNGExecutor.java:308)
	at org.apache.maven.surefire.testng.TestNGXmlTestSuite.execute(TestNGXmlTestSuite.java:71)
	at org.apache.maven.surefire.testng.TestNGProvider.invoke(TestNGProvider.java:113)
	at org.apache.maven.surefire.booter.ForkedBooter.runSuitesInProcess(ForkedBooter.java:385)
	at org.apache.maven.surefire.booter.ForkedBooter.execute(ForkedBooter.java:162)
	at org.apache.maven.surefire.booter.ForkedBooter.run(ForkedBooter.java:507)
	at org.apache.maven.surefire.booter.ForkedBooter.main(ForkedBooter.java:495)
]]></failure>
    <system-out><![CDATA[15:06:40 [main] INFO  utils.RequestResponseLogger - REQUEST:
URI: https://demo.testfire.net/api/feedback/submit
Method: POST
Headers: Authorization=YW5OdGFYUm86WkdWdGJ6RXlNelE9OkVqdz8/Pz8=
Accept=*/*
Content-Type=application/json
Body: {"name":"","email":"","subject":"","message":""}
15:06:42 [main] INFO  utils.RequestResponseLogger - RESPONSE:
Status Code: 200
Body: {
    "comments": "",
    "subject": "",
    "name": "",
    "email": ""
}
]]></system-out>
  </testcase>
  <testcase name="TC_FDB_03_FeedbackWithoutAuth" classname="testcases.FeedbackTest" time="1.434">
    <failure message="1 expectation failed.&#10;Expected status code &lt;401&gt; but was &lt;200&gt;.&#10;" type="java.lang.AssertionError"><![CDATA[java.lang.AssertionError: 
1 expectation failed.
Expected status code <401> but was <200>.

	at java.base/jdk.internal.reflect.NativeConstructorAccessorImpl.newInstance0(Native Method)
	at java.base/jdk.internal.reflect.NativeConstructorAccessorImpl.newInstance(NativeConstructorAccessorImpl.java:77)
	at java.base/jdk.internal.reflect.DelegatingConstructorAccessorImpl.newInstance(DelegatingConstructorAccessorImpl.java:45)
	at java.base/java.lang.reflect.Constructor.newInstanceWithCaller(Constructor.java:499)
	at java.base/java.lang.reflect.Constructor.newInstance(Constructor.java:480)
	at org.codehaus.groovy.reflection.CachedConstructor.invoke(CachedConstructor.java:73)
	at org.codehaus.groovy.runtime.callsite.ConstructorSite$ConstructorSiteNoUnwrapNoCoerce.callConstructor(ConstructorSite.java:108)
	at org.codehaus.groovy.runtime.callsite.AbstractCallSite.callConstructor(AbstractCallSite.java:277)
	at io.restassured.internal.ResponseSpecificationImpl$HamcrestAssertionClosure.validate(ResponseSpecificationImpl.groovy:512)
	at io.restassured.internal.ResponseSpecificationImpl$HamcrestAssertionClosure$validate$1.call(Unknown Source)
	at io.restassured.internal.ResponseSpecificationImpl.validateResponseIfRequired(ResponseSpecificationImpl.groovy:696)
	at io.restassured.internal.ResponseSpecificationImpl.this$2$validateResponseIfRequired(ResponseSpecificationImpl.groovy)
	at jdk.internal.reflect.GeneratedMethodAccessor77.invoke(Unknown Source)
	at java.base/jdk.internal.reflect.DelegatingMethodAccessorImpl.invoke(DelegatingMethodAccessorImpl.java:43)
	at java.base/java.lang.reflect.Method.invoke(Method.java:568)
	at org.codehaus.groovy.runtime.callsite.PlainObjectMetaMethodSite.doInvoke(PlainObjectMetaMethodSite.java:43)
	at org.codehaus.groovy.runtime.callsite.PogoMetaMethodSite$PogoCachedMethodSiteNoUnwrapNoCoerce.invoke(PogoMetaMethodSite.java:198)
	at org.codehaus.groovy.runtime.callsite.PogoMetaMethodSite.callCurrent(PogoMetaMethodSite.java:62)
	at org.codehaus.groovy.runtime.callsite.AbstractCallSite.callCurrent(AbstractCallSite.java:185)
	at io.restassured.internal.ResponseSpecificationImpl.statusCode(ResponseSpecificationImpl.groovy:135)
	at io.restassured.specification.ResponseSpecification$statusCode$0.callCurrent(Unknown Source)
	at io.restassured.internal.ResponseSpecificationImpl.statusCode(ResponseSpecificationImpl.groovy:143)
	at io.restassured.internal.ValidatableResponseOptionsImpl.statusCode(ValidatableResponseOptionsImpl.java:89)
	at testcases.FeedbackTest.TC_FDB_03_FeedbackWithoutAuth(FeedbackTest.java:54)
	at java.base/jdk.internal.reflect.NativeMethodAccessorImpl.invoke0(Native Method)
	at java.base/jdk.internal.reflect.NativeMethodAccessorImpl.invoke(NativeMethodAccessorImpl.java:77)
	at java.base/jdk.internal.reflect.DelegatingMethodAccessorImpl.invoke(DelegatingMethodAccessorImpl.java:43)
	at java.base/java.lang.reflect.Method.invoke(Method.java:568)
	at org.testng.internal.invokers.MethodInvocationHelper.invokeMethod(MethodInvocationHelper.java:141)
	at org.testng.internal.invokers.TestInvoker.invokeMethod(TestInvoker.java:686)
	at org.testng.internal.invokers.TestInvoker.invokeTestMethod(TestInvoker.java:230)
	at org.testng.internal.invokers.MethodRunner.runInSequence(MethodRunner.java:63)
	at org.testng.internal.invokers.TestInvoker$MethodInvocationAgent.invoke(TestInvoker.java:992)
	at org.testng.internal.invokers.TestInvoker.invokeTestMethods(TestInvoker.java:203)
	at org.testng.internal.invokers.TestMethodWorker.invokeTestMethods(TestMethodWorker.java:154)
	at org.testng.internal.invokers.TestMethodWorker.run(TestMethodWorker.java:134)
	at java.base/java.util.ArrayList.forEach(ArrayList.java:1511)
	at org.testng.TestRunner.privateRun(TestRunner.java:739)
	at org.testng.TestRunner.run(TestRunner.java:614)
	at org.testng.SuiteRunner.runTest(SuiteRunner.java:421)
	at org.testng.SuiteRunner.runSequentially(SuiteRunner.java:413)
	at org.testng.SuiteRunner.privateRun(SuiteRunner.java:373)
	at org.testng.SuiteRunner.run(SuiteRunner.java:312)
	at org.testng.SuiteRunnerWorker.runSuite(SuiteRunnerWorker.java:52)
	at org.testng.SuiteRunnerWorker.run(SuiteRunnerWorker.java:95)
	at org.testng.TestNG.runSuitesSequentially(TestNG.java:1274)
	at org.testng.TestNG.runSuitesLocally(TestNG.java:1208)
	at org.testng.TestNG.runSuites(TestNG.java:1112)
	at org.testng.TestNG.run(TestNG.java:1079)
	at org.apache.maven.surefire.testng.TestNGExecutor.run(TestNGExecutor.java:308)
	at org.apache.maven.surefire.testng.TestNGXmlTestSuite.execute(TestNGXmlTestSuite.java:71)
	at org.apache.maven.surefire.testng.TestNGProvider.invoke(TestNGProvider.java:113)
	at org.apache.maven.surefire.booter.ForkedBooter.runSuitesInProcess(ForkedBooter.java:385)
	at org.apache.maven.surefire.booter.ForkedBooter.execute(ForkedBooter.java:162)
	at org.apache.maven.surefire.booter.ForkedBooter.run(ForkedBooter.java:507)
	at org.apache.maven.surefire.booter.ForkedBooter.main(ForkedBooter.java:495)
]]></failure>
    <system-out><![CDATA[15:06:42 [main] INFO  utils.RequestResponseLogger - REQUEST:
URI: https://demo.testfire.net/api/feedback/submit
Method: POST
Headers: Accept=*/*
Content-Type=application/json
Body: {"name":"John Smith","email":"john@test.com","subject":"Test Subject","message":"Test Message"}
15:06:43 [main] INFO  utils.RequestResponseLogger - RESPONSE:
Status Code: 200
Body: {
    "comments": "Test Message",
    "subject": "Test Subject",
    "name": "John Smith",
    "email": "john@test.com"
}
]]></system-out>
  </testcase>
  <testcase name="TC_TRF_01_validTransfer" classname="testcases.TransferTest" time="1.835">
    <system-out><![CDATA[15:06:43 [main] INFO  utils.RequestResponseLogger - REQUEST:
URI: https://demo.testfire.net/api/login
Method: POST
Headers: Accept=*/*
Content-Type=application/json
Body: {"username":"jsmith","password":"demo1234"}
15:06:45 [main] INFO  utils.RequestResponseLogger - RESPONSE:
Status Code: 200
Body: {
    "Authorization": "YW5OdGFYUm86WkdWdGJ6RXlNelE9Oj8/Pzs/Pw==",
    "success": "jsmith is now logged in"
}
15:06:45 [main] INFO  utils.RequestResponseLogger - REQUEST:
URI: https://demo.testfire.net/api/transfer
Method: POST
Headers: Authorization=YW5OdGFYUm86WkdWdGJ6RXlNelE9Oj8/Pzs/Pw==
Accept=*/*
Content-Type=application/json
Body: {"toAccount":"800002","fromAccount":"800003","transferAmount":"200"}
15:06:46 [main] INFO  utils.RequestResponseLogger - RESPONSE:
Status Code: 200
Body: {
    "success": "200.0 was successfully transferred from Account 800003 into Account 800002 at 5/18/26 4:36 AM."
}
]]></system-out>
  </testcase>
  <testcase name="TC_TRF_02_TransferFromInvalidAcc" classname="testcases.TransferTest" time="1.54">
    <system-out><![CDATA[15:06:47 [main] INFO  utils.RequestResponseLogger - REQUEST:
URI: https://demo.testfire.net/api/transfer
Method: POST
Headers: Authorization=YW5OdGFYUm86WkdWdGJ6RXlNelE9Oj8/Pzs/Pw==
Accept=*/*
Content-Type=application/json
Body: {"toAccount":"800002","fromAccount":"000","transferAmount":"200"}
15:06:48 [main] INFO  utils.RequestResponseLogger - RESPONSE:
Status Code: 500
Body: "error":"ERROR: Originating account is invalid"}
]]></system-out>
  </testcase>
  <testcase name="TC_TRF_03_TransferToInvalidAcc" classname="testcases.TransferTest" time="1.474">
    <system-out><![CDATA[15:06:48 [main] INFO  utils.RequestResponseLogger - REQUEST:
URI: https://demo.testfire.net/api/transfer
Method: POST
Headers: Authorization=YW5OdGFYUm86WkdWdGJ6RXlNelE9Oj8/Pzs/Pw==
Accept=*/*
Content-Type=application/json
Body: {"toAccount":"000","fromAccount":"800003","transferAmount":"200"}
15:06:50 [main] INFO  utils.RequestResponseLogger - RESPONSE:
Status Code: 500
Body: "error":"ERROR: Destination account is invalid"}
]]></system-out>
  </testcase>
  <testcase name="TC_TRF_04_zeroFundTranfer" classname="testcases.TransferTest" time="1.545">
    <system-out><![CDATA[15:06:50 [main] INFO  utils.RequestResponseLogger - REQUEST:
URI: https://demo.testfire.net/api/transfer
Method: POST
Headers: Authorization=YW5OdGFYUm86WkdWdGJ6RXlNelE9Oj8/Pzs/Pw==
Accept=*/*
Content-Type=application/json
Body: {"toAccount":"800002","fromAccount":"800003","transferAmount":"0"}
15:06:51 [main] INFO  utils.RequestResponseLogger - RESPONSE:
Status Code: 200
Body: {
    "success": "0.0 was successfully transferred from Account 800003 into Account 800002 at 5/18/26 4:36 AM."
}
]]></system-out>
  </testcase>
  <testcase name="TC_TRF_05_InvalidFundsTranfer" classname="testcases.TransferTest" time="1.688">
    <failure message="1 expectation failed.&#10;Expected status code &lt;500&gt; but was &lt;200&gt;.&#10;" type="java.lang.AssertionError"><![CDATA[java.lang.AssertionError: 
1 expectation failed.
Expected status code <500> but was <200>.

	at java.base/jdk.internal.reflect.NativeConstructorAccessorImpl.newInstance0(Native Method)
	at java.base/jdk.internal.reflect.NativeConstructorAccessorImpl.newInstance(NativeConstructorAccessorImpl.java:77)
	at java.base/jdk.internal.reflect.DelegatingConstructorAccessorImpl.newInstance(DelegatingConstructorAccessorImpl.java:45)
	at java.base/java.lang.reflect.Constructor.newInstanceWithCaller(Constructor.java:499)
	at java.base/java.lang.reflect.Constructor.newInstance(Constructor.java:480)
	at org.codehaus.groovy.reflection.CachedConstructor.invoke(CachedConstructor.java:73)
	at org.codehaus.groovy.runtime.callsite.ConstructorSite$ConstructorSiteNoUnwrapNoCoerce.callConstructor(ConstructorSite.java:108)
	at org.codehaus.groovy.runtime.callsite.AbstractCallSite.callConstructor(AbstractCallSite.java:277)
	at io.restassured.internal.ResponseSpecificationImpl$HamcrestAssertionClosure.validate(ResponseSpecificationImpl.groovy:512)
	at io.restassured.internal.ResponseSpecificationImpl$HamcrestAssertionClosure$validate$1.call(Unknown Source)
	at io.restassured.internal.ResponseSpecificationImpl.validateResponseIfRequired(ResponseSpecificationImpl.groovy:696)
	at io.restassured.internal.ResponseSpecificationImpl.this$2$validateResponseIfRequired(ResponseSpecificationImpl.groovy)
	at jdk.internal.reflect.GeneratedMethodAccessor77.invoke(Unknown Source)
	at java.base/jdk.internal.reflect.DelegatingMethodAccessorImpl.invoke(DelegatingMethodAccessorImpl.java:43)
	at java.base/java.lang.reflect.Method.invoke(Method.java:568)
	at org.codehaus.groovy.runtime.callsite.PlainObjectMetaMethodSite.doInvoke(PlainObjectMetaMethodSite.java:43)
	at org.codehaus.groovy.runtime.callsite.PogoMetaMethodSite$PogoCachedMethodSiteNoUnwrapNoCoerce.invoke(PogoMetaMethodSite.java:198)
	at org.codehaus.groovy.runtime.callsite.PogoMetaMethodSite.callCurrent(PogoMetaMethodSite.java:62)
	at org.codehaus.groovy.runtime.callsite.AbstractCallSite.callCurrent(AbstractCallSite.java:185)
	at io.restassured.internal.ResponseSpecificationImpl.statusCode(ResponseSpecificationImpl.groovy:135)
	at io.restassured.specification.ResponseSpecification$statusCode$0.callCurrent(Unknown Source)
	at io.restassured.internal.ResponseSpecificationImpl.statusCode(ResponseSpecificationImpl.groovy:143)
	at io.restassured.internal.ValidatableResponseOptionsImpl.statusCode(ValidatableResponseOptionsImpl.java:89)
	at testcases.TransferTest.TC_TRF_05_InvalidFundsTranfer(TransferTest.java:87)
	at java.base/jdk.internal.reflect.NativeMethodAccessorImpl.invoke0(Native Method)
	at java.base/jdk.internal.reflect.NativeMethodAccessorImpl.invoke(NativeMethodAccessorImpl.java:77)
	at java.base/jdk.internal.reflect.DelegatingMethodAccessorImpl.invoke(DelegatingMethodAccessorImpl.java:43)
	at java.base/java.lang.reflect.Method.invoke(Method.java:568)
	at org.testng.internal.invokers.MethodInvocationHelper.invokeMethod(MethodInvocationHelper.java:141)
	at org.testng.internal.invokers.TestInvoker.invokeMethod(TestInvoker.java:686)
	at org.testng.internal.invokers.TestInvoker.invokeTestMethod(TestInvoker.java:230)
	at org.testng.internal.invokers.MethodRunner.runInSequence(MethodRunner.java:63)
	at org.testng.internal.invokers.TestInvoker$MethodInvocationAgent.invoke(TestInvoker.java:992)
	at org.testng.internal.invokers.TestInvoker.invokeTestMethods(TestInvoker.java:203)
	at org.testng.internal.invokers.TestMethodWorker.invokeTestMethods(TestMethodWorker.java:154)
	at org.testng.internal.invokers.TestMethodWorker.run(TestMethodWorker.java:134)
	at java.base/java.util.ArrayList.forEach(ArrayList.java:1511)
	at org.testng.TestRunner.privateRun(TestRunner.java:739)
	at org.testng.TestRunner.run(TestRunner.java:614)
	at org.testng.SuiteRunner.runTest(SuiteRunner.java:421)
	at org.testng.SuiteRunner.runSequentially(SuiteRunner.java:413)
	at org.testng.SuiteRunner.privateRun(SuiteRunner.java:373)
	at org.testng.SuiteRunner.run(SuiteRunner.java:312)
	at org.testng.SuiteRunnerWorker.runSuite(SuiteRunnerWorker.java:52)
	at org.testng.SuiteRunnerWorker.run(SuiteRunnerWorker.java:95)
	at org.testng.TestNG.runSuitesSequentially(TestNG.java:1274)
	at org.testng.TestNG.runSuitesLocally(TestNG.java:1208)
	at org.testng.TestNG.runSuites(TestNG.java:1112)
	at org.testng.TestNG.run(TestNG.java:1079)
	at org.apache.maven.surefire.testng.TestNGExecutor.run(TestNGExecutor.java:308)
	at org.apache.maven.surefire.testng.TestNGXmlTestSuite.execute(TestNGXmlTestSuite.java:71)
	at org.apache.maven.surefire.testng.TestNGProvider.invoke(TestNGProvider.java:113)
	at org.apache.maven.surefire.booter.ForkedBooter.runSuitesInProcess(ForkedBooter.java:385)
	at org.apache.maven.surefire.booter.ForkedBooter.execute(ForkedBooter.java:162)
	at org.apache.maven.surefire.booter.ForkedBooter.run(ForkedBooter.java:507)
	at org.apache.maven.surefire.booter.ForkedBooter.main(ForkedBooter.java:495)
]]></failure>
    <system-out><![CDATA[15:06:51 [main] INFO  utils.RequestResponseLogger - REQUEST:
URI: https://demo.testfire.net/api/transfer
Method: POST
Headers: Authorization=YW5OdGFYUm86WkdWdGJ6RXlNelE9Oj8/Pzs/Pw==
Accept=*/*
Content-Type=application/json
Body: {"toAccount":"800002","fromAccount":"800003","transferAmount":"-100"}
15:06:53 [main] INFO  utils.RequestResponseLogger - RESPONSE:
Status Code: 200
Body: {
    "success": "-100.0 was successfully transferred from Account 800003 into Account 800002 at 5/18/26 4:36 AM."
}
]]></system-out>
  </testcase>
  <testcase name="TC_TRF_06_validTransfer" classname="testcases.TransferTest" time="1.565">
    <system-out><![CDATA[15:06:53 [main] INFO  utils.RequestResponseLogger - REQUEST:
URI: https://demo.testfire.net/api/transfer
Method: POST
Headers: Accept=*/*
Content-Type=application/json
Body: {"toAccount":"800002","fromAccount":"800003","transferAmount":"200"}
15:06:54 [main] INFO  utils.RequestResponseLogger - RESPONSE:
Status Code: 401
Body: loggedIn=false
Please log in first
]]></system-out>
  </testcase>
  <testcase name="TCAdmin_001_validRegistration" classname="testcases.AdminTest" time="2.023">
    <system-out><![CDATA[15:06:54 [main] INFO  utils.RequestResponseLogger - REQUEST:
URI: https://demo.testfire.net/api/login
Method: POST
Headers: Accept=*/*
Content-Type=application/json
Body: {"username":"jsmith","password":"demo1234"}
15:06:56 [main] INFO  utils.RequestResponseLogger - RESPONSE:
Status Code: 200
Body: {
    "Authorization": "YW5OdGFYUm86WkdWdGJ6RXlNelE9OjduPyIIPz8=",
    "success": "jsmith is now logged in"
}
15:06:56 [main] INFO  utils.RequestResponseLogger - REQUEST:
URI: https://demo.testfire.net/api/admin/addUser
Method: POST
Headers: Authorization=YW5OdGFYUm86WkdWdGJ6RXlNelE9OjduPyIIPz8=
Accept=*/*
Content-Type=application/json
Body: {"firstname":"tinku","lastname":"minku","username":"tinkuminku","password1":"Abc@123","password2":"Abc@123"}
15:06:58 [main] INFO  utils.RequestResponseLogger - RESPONSE:
Status Code: 200
Body: {
    "success": "Requested operation has completed successfully."
}
]]></system-out>
  </testcase>
  <testcase name="TCAdmin_002_RegistrationWithExistingUsername" classname="testcases.AdminTest" time="1.712">
    <failure message="1 expectation failed.&#10;Expected status code &lt;500&gt; but was &lt;200&gt;.&#10;" type="java.lang.AssertionError"><![CDATA[java.lang.AssertionError: 
1 expectation failed.
Expected status code <500> but was <200>.

	at java.base/jdk.internal.reflect.NativeConstructorAccessorImpl.newInstance0(Native Method)
	at java.base/jdk.internal.reflect.NativeConstructorAccessorImpl.newInstance(NativeConstructorAccessorImpl.java:77)
	at java.base/jdk.internal.reflect.DelegatingConstructorAccessorImpl.newInstance(DelegatingConstructorAccessorImpl.java:45)
	at java.base/java.lang.reflect.Constructor.newInstanceWithCaller(Constructor.java:499)
	at java.base/java.lang.reflect.Constructor.newInstance(Constructor.java:480)
	at org.codehaus.groovy.reflection.CachedConstructor.invoke(CachedConstructor.java:73)
	at org.codehaus.groovy.runtime.callsite.ConstructorSite$ConstructorSiteNoUnwrapNoCoerce.callConstructor(ConstructorSite.java:108)
	at org.codehaus.groovy.runtime.callsite.AbstractCallSite.callConstructor(AbstractCallSite.java:277)
	at io.restassured.internal.ResponseSpecificationImpl$HamcrestAssertionClosure.validate(ResponseSpecificationImpl.groovy:512)
	at io.restassured.internal.ResponseSpecificationImpl$HamcrestAssertionClosure$validate$1.call(Unknown Source)
	at io.restassured.internal.ResponseSpecificationImpl.validateResponseIfRequired(ResponseSpecificationImpl.groovy:696)
	at io.restassured.internal.ResponseSpecificationImpl.this$2$validateResponseIfRequired(ResponseSpecificationImpl.groovy)
	at jdk.internal.reflect.GeneratedMethodAccessor77.invoke(Unknown Source)
	at java.base/jdk.internal.reflect.DelegatingMethodAccessorImpl.invoke(DelegatingMethodAccessorImpl.java:43)
	at java.base/java.lang.reflect.Method.invoke(Method.java:568)
	at org.codehaus.groovy.runtime.callsite.PlainObjectMetaMethodSite.doInvoke(PlainObjectMetaMethodSite.java:43)
	at org.codehaus.groovy.runtime.callsite.PogoMetaMethodSite$PogoCachedMethodSiteNoUnwrapNoCoerce.invoke(PogoMetaMethodSite.java:198)
	at org.codehaus.groovy.runtime.callsite.PogoMetaMethodSite.callCurrent(PogoMetaMethodSite.java:62)
	at org.codehaus.groovy.runtime.callsite.AbstractCallSite.callCurrent(AbstractCallSite.java:185)
	at io.restassured.internal.ResponseSpecificationImpl.statusCode(ResponseSpecificationImpl.groovy:135)
	at io.restassured.specification.ResponseSpecification$statusCode$0.callCurrent(Unknown Source)
	at io.restassured.internal.ResponseSpecificationImpl.statusCode(ResponseSpecificationImpl.groovy:143)
	at io.restassured.internal.ValidatableResponseOptionsImpl.statusCode(ValidatableResponseOptionsImpl.java:89)
	at testcases.AdminTest.TCAdmin_002_RegistrationWithExistingUsername(AdminTest.java:40)
	at java.base/jdk.internal.reflect.NativeMethodAccessorImpl.invoke0(Native Method)
	at java.base/jdk.internal.reflect.NativeMethodAccessorImpl.invoke(NativeMethodAccessorImpl.java:77)
	at java.base/jdk.internal.reflect.DelegatingMethodAccessorImpl.invoke(DelegatingMethodAccessorImpl.java:43)
	at java.base/java.lang.reflect.Method.invoke(Method.java:568)
	at org.testng.internal.invokers.MethodInvocationHelper.invokeMethod(MethodInvocationHelper.java:141)
	at org.testng.internal.invokers.TestInvoker.invokeMethod(TestInvoker.java:686)
	at org.testng.internal.invokers.TestInvoker.invokeTestMethod(TestInvoker.java:230)
	at org.testng.internal.invokers.MethodRunner.runInSequence(MethodRunner.java:63)
	at org.testng.internal.invokers.TestInvoker$MethodInvocationAgent.invoke(TestInvoker.java:992)
	at org.testng.internal.invokers.TestInvoker.invokeTestMethods(TestInvoker.java:203)
	at org.testng.internal.invokers.TestMethodWorker.invokeTestMethods(TestMethodWorker.java:154)
	at org.testng.internal.invokers.TestMethodWorker.run(TestMethodWorker.java:134)
	at java.base/java.util.ArrayList.forEach(ArrayList.java:1511)
	at org.testng.TestRunner.privateRun(TestRunner.java:739)
	at org.testng.TestRunner.run(TestRunner.java:614)
	at org.testng.SuiteRunner.runTest(SuiteRunner.java:421)
	at org.testng.SuiteRunner.runSequentially(SuiteRunner.java:413)
	at org.testng.SuiteRunner.privateRun(SuiteRunner.java:373)
	at org.testng.SuiteRunner.run(SuiteRunner.java:312)
	at org.testng.SuiteRunnerWorker.runSuite(SuiteRunnerWorker.java:52)
	at org.testng.SuiteRunnerWorker.run(SuiteRunnerWorker.java:95)
	at org.testng.TestNG.runSuitesSequentially(TestNG.java:1274)
	at org.testng.TestNG.runSuitesLocally(TestNG.java:1208)
	at org.testng.TestNG.runSuites(TestNG.java:1112)
	at org.testng.TestNG.run(TestNG.java:1079)
	at org.apache.maven.surefire.testng.TestNGExecutor.run(TestNGExecutor.java:308)
	at org.apache.maven.surefire.testng.TestNGXmlTestSuite.execute(TestNGXmlTestSuite.java:71)
	at org.apache.maven.surefire.testng.TestNGProvider.invoke(TestNGProvider.java:113)
	at org.apache.maven.surefire.booter.ForkedBooter.runSuitesInProcess(ForkedBooter.java:385)
	at org.apache.maven.surefire.booter.ForkedBooter.execute(ForkedBooter.java:162)
	at org.apache.maven.surefire.booter.ForkedBooter.run(ForkedBooter.java:507)
	at org.apache.maven.surefire.booter.ForkedBooter.main(ForkedBooter.java:495)
]]></failure>
    <system-out><![CDATA[15:06:58 [main] INFO  utils.RequestResponseLogger - REQUEST:
URI: https://demo.testfire.net/api/admin/addUser
Method: POST
Headers: Authorization=YW5OdGFYUm86WkdWdGJ6RXlNelE9OjduPyIIPz8=
Accept=*/*
Content-Type=application/json
Body: {"firstname":"john","lastname":"smith","username":"jsmith","password1":"123","password2":"123"}
15:07:00 [main] INFO  utils.RequestResponseLogger - RESPONSE:
Status Code: 200
Body: {
    "success": "Requested operation has completed successfully."
}
]]></system-out>
  </testcase>
  <testcase name="TCAdmin_003_RegistrationPasswordMismatch" classname="testcases.AdminTest" time="1.474">
    <system-out><![CDATA[15:07:00 [main] INFO  utils.RequestResponseLogger - REQUEST:
URI: https://demo.testfire.net/api/admin/addUser
Method: POST
Headers: Authorization=YW5OdGFYUm86WkdWdGJ6RXlNelE9OjduPyIIPz8=
Accept=*/*
Content-Type=application/json
Body: {"firstname":"thanu","lastname":"manu","username":"thanumanu","password1":"123","password2":"456"}
15:07:01 [main] INFO  utils.RequestResponseLogger - RESPONSE:
Status Code: 400
Body: {"error":"Entered passwords did not match."}
]]></system-out>
  </testcase>
  <testcase name="TCAdmin_004_ExistingUserPasswordChange" classname="testcases.AdminTest" time="1.818">
    <system-out><![CDATA[15:07:01 [main] INFO  utils.RequestResponseLogger - REQUEST:
URI: https://demo.testfire.net/api/admin/changePassword
Method: POST
Headers: Authorization=YW5OdGFYUm86WkdWdGJ6RXlNelE9OjduPyIIPz8=
Accept=*/*
Content-Type=application/json
Body: {"username":"jsmith","password1":"Abc@123","password2":"Abc@123"}
15:07:03 [main] INFO  utils.RequestResponseLogger - RESPONSE:
Status Code: 200
Body: {
    "success": "Requested operation has completed successfully."
}
]]></system-out>
  </testcase>
  <testcase name="TC_AUTH_01_ValidLogin" classname="testcases.AuthTest" time="1.761">
    <system-out><![CDATA[15:07:03 [main] INFO  utils.RequestResponseLogger - REQUEST:
URI: https://demo.testfire.net/api/login
Method: POST
Headers: Accept=*/*
Content-Type=application/json
Body: {"username":"jsmith","password":"demo1234"}
15:07:04 [main] INFO  utils.RequestResponseLogger - RESPONSE:
Status Code: 200
Body: {
    "Authorization": "YW5OdGFYUm86WkdWdGJ6RXlNelE9On5VPy0/P1E=",
    "success": "jsmith is now logged in"
}
15:07:05 [main] INFO  utils.RequestResponseLogger - REQUEST:
URI: https://demo.testfire.net/api/login
Method: POST
Headers: Accept=*/*
Content-Type=application/json
Body: {"username":"jsmith","password":"demo1234"}
15:07:06 [main] INFO  utils.RequestResponseLogger - RESPONSE:
Status Code: 200
Body: {
    "Authorization": "YW5OdGFYUm86WkdWdGJ6RXlNelE9Oj8/Pz8/Nz8=",
    "success": "jsmith is now logged in"
}
{
    "Authorization": "YW5OdGFYUm86WkdWdGJ6RXlNelE9Oj8/Pz8/Nz8=",
    "success": "jsmith is now logged in"
}
]]></system-out>
  </testcase>
  <testcase name="TC_AUTH_02_invalidPassword" classname="testcases.AuthTest" time="1.448">
    <system-out><![CDATA[15:07:06 [main] INFO  utils.RequestResponseLogger - REQUEST:
URI: https://demo.testfire.net/api/login
Method: POST
Headers: Accept=*/*
Content-Type=application/json
Body: {"username":"jsmith","password":"wrongpass"}
15:07:08 [main] INFO  utils.RequestResponseLogger - RESPONSE:
Status Code: 400
Body: {"error":"We're sorry, but this username or password was not found in our system."}
]]></system-out>
  </testcase>
  <testcase name="TC_AUTH_03_invalidUsername" classname="testcases.AuthTest" time="1.624">
    <system-out><![CDATA[15:07:08 [main] INFO  utils.RequestResponseLogger - REQUEST:
URI: https://demo.testfire.net/api/login
Method: POST
Headers: Accept=*/*
Content-Type=application/json
Body: {"username":"xyz","password":"demo1234"}
15:07:09 [main] INFO  utils.RequestResponseLogger - RESPONSE:
Status Code: 400
Body: {"error":"We're sorry, but this username or password was not found in our system."}
]]></system-out>
  </testcase>
  <testcase name="TC_AUTH_04_blankUsername" classname="testcases.AuthTest" time="1.52">
    <system-out><![CDATA[15:07:10 [main] INFO  utils.RequestResponseLogger - REQUEST:
URI: https://demo.testfire.net/api/login
Method: POST
Headers: Accept=*/*
Content-Type=application/json
Body: {"username":"","password":"demo1234"}
15:07:11 [main] INFO  utils.RequestResponseLogger - RESPONSE:
Status Code: 400
Body: {"error":"We're sorry, but this username or password was not found in our system."}
]]></system-out>
  </testcase>
  <testcase name="TC_AUTH_05_blankPassword" classname="testcases.AuthTest" time="1.474">
    <system-out><![CDATA[15:07:11 [main] INFO  utils.RequestResponseLogger - REQUEST:
URI: https://demo.testfire.net/api/login
Method: POST
Headers: Accept=*/*
Content-Type=application/json
Body: {"username":"jsmith","password":""}
15:07:13 [main] INFO  utils.RequestResponseLogger - RESPONSE:
Status Code: 400
Body: {"error":"We're sorry, but this username or password was not found in our system."}
]]></system-out>
  </testcase>
  <testcase name="TC_AUTH_06_EmptyCredentials" classname="testcases.AuthTest" time="1.46">
    <system-out><![CDATA[15:07:13 [main] INFO  utils.RequestResponseLogger - REQUEST:
URI: https://demo.testfire.net/api/login
Method: POST
Headers: Accept=*/*
Content-Type=application/json
Body: {"username":"","password":""}
15:07:14 [main] INFO  utils.RequestResponseLogger - RESPONSE:
Status Code: 400
Body: {"error":"We're sorry, but this username or password was not found in our system."}
]]></system-out>
  </testcase>
  <testcase name="TC_AUTH_07_noBody" classname="testcases.AuthTest" time="1.452">
    <system-out><![CDATA[15:07:14 [main] INFO  utils.RequestResponseLogger - REQUEST:
URI: https://demo.testfire.net/api/login
Method: POST
Headers: Accept=*/*
Content-Type=application/json
Body: null
15:07:15 [main] INFO  utils.RequestResponseLogger - RESPONSE:
Status Code: 400
Body: {"error":"body is not JSON"}
]]></system-out>
  </testcase>
  <testcase name="TC_AUTH_08_validLogout" classname="testcases.AuthTest" time="1.571">
    <system-out><![CDATA[15:07:16 [main] INFO  utils.RequestResponseLogger - REQUEST:
URI: https://demo.testfire.net/api/logout
Method: GET
Headers: Authorization=YW5OdGFYUm86WkdWdGJ6RXlNelE9On5VPy0/P1E=
Accept=*/*
Content-Type=application/json
Body: null
15:07:17 [main] INFO  utils.RequestResponseLogger - RESPONSE:
Status Code: 200
Body: {
    "LoggedOut": "True"
}
{
    "LoggedOut": "True"
}
]]></system-out>
  </testcase>
</testsuite>