<?xml version="1.0" encoding="UTF-8"?>
<!-- Generated by org.testng.reporters.JUnitReportReporter -->
<testsuite hostname="DESKTOP-1F2CATV" failures="0" tests="9" name="testcases.AuthTest" time="12.287" errors="0" timestamp="2026-05-18T15:07:20 IST" skipped="1">
  <testcase classname="testcases.AuthTest" name="TC_AUTH_01_ValidLogin" time="1.702"/>
  <testcase classname="testcases.AuthTest" name="TC_AUTH_02_invalidPassword" time="1.511"/>
  <testcase classname="testcases.AuthTest" name="TC_AUTH_03_invalidUsername" time="1.598"/>
  <testcase classname="testcases.AuthTest" name="TC_AUTH_04_blankUsername" time="1.544"/>
  <testcase classname="testcases.AuthTest" name="TC_AUTH_05_blankPassword" time="1.463"/>
  <testcase classname="testcases.AuthTest" name="TC_AUTH_06_EmptyCredentials" time="1.455"/>
  <testcase classname="testcases.AuthTest" name="TC_AUTH_07_noBody" time="1.449"/>
  <testcase classname="testcases.AuthTest" name="TC_AUTH_08_validLogout" time="1.565"/>
  <testcase classname="testcases.AuthTest" name="TC_AUTH_09_LogoutWithoutAuth">
    <skipped/>
  </testcase> <!-- TC_AUTH_09_LogoutWithoutAuth -->
</testsuite> <!-- testcases.AuthTest -->
