<?xml version="1.0" encoding="UTF-8"?>
<!-- Generated by org.testng.reporters.JUnitReportReporter -->
<testsuite hostname="DESKTOP-1F2CATV" failures="0" tests="9" name="testcases.AuthTest" time="13.175" errors="0" timestamp="2026-04-08T15:20:15 IST" skipped="1">
  <testcase classname="testcases.AuthTest" name="TC_AUTH_01_ValidLogin" time="2.086"/>
  <testcase classname="testcases.AuthTest" name="TC_AUTH_02_invalidPassword" time="1.704"/>
  <testcase classname="testcases.AuthTest" name="TC_AUTH_03_invalidUsername" time="1.571"/>
  <testcase classname="testcases.AuthTest" name="TC_AUTH_04_blankUsername" time="1.683"/>
  <testcase classname="testcases.AuthTest" name="TC_AUTH_05_blankPassword" time="1.514"/>
  <testcase classname="testcases.AuthTest" name="TC_AUTH_06_EmptyCredentials" time="1.475"/>
  <testcase classname="testcases.AuthTest" name="TC_AUTH_07_noBody" time="1.530"/>
  <testcase classname="testcases.AuthTest" name="TC_AUTH_08_validLogout" time="1.612"/>
  <testcase classname="testcases.AuthTest" name="TC_AUTH_09_LogoutWithoutAuth">
    <skipped/>
  </testcase> <!-- TC_AUTH_09_LogoutWithoutAuth -->
</testsuite> <!-- testcases.AuthTest -->
